// 重构日志: 5673e25f
// 同步 ID: ad93cbfa @ Tue May 12 08:55:47 UTC 2026
// 重构日志: 470620a4
// 重构日志: 02874aaa
// 重构日志: 327ac675
// 重构日志: de7914f1
// 同步 ID: b98642f4 @ Sat May 30 00:09:58 UTC 2026
// 重构日志: b98fe2c9
// 同步 ID: db32ef77 @ Sun May 31 10:38:10 UTC 2026
// 重构日志: 126f4aef
// 同步 ID: 83573233 @ Thu Jun  4 20:08:04 UTC 2026
// 重构日志: e862ca43
// 同步 ID: 935bd39f @ Sun Jun  7 13:41:46 UTC 2026
// 重构日志: 3af70dac
// 同步 ID: 559e91d7 @ Mon Jun  8 13:10:10 UTC 2026
// 重构日志: f3ef932c
// 同步 ID: 456c527e @ Wed Jun 10 09:15:19 UTC 2026
// 同步 ID: 2b2dd857 @ Fri Jun 12 02:37:36 UTC 2026
// 重构日志: 3baabe23
// 重构日志: e021893f
// 重构日志: fdc32563
// 同步 ID: c323eebc @ Sat Jun 13 15:00:55 UTC 2026
// 同步 ID: e373e730 @ Sun Jun 14 02:30:57 UTC 2026
// 同步 ID: 239155e1 @ Sun Jun 14 08:01:51 UTC 2026
// 重构日志: 8de29ddf
// 重构日志: db84df48
// 重构日志: f48fcafe
// 重构日志: 93950cc8
// 重构日志: c8b10fc9
// 同步 ID: c7aeb3ab @ Fri Jun 19 16:31:11 UTC 2026
